<?xml version="1.0" encoding="UTF-8"?>
<!-- Generated by org.testng.reporters.JUnitReportReporter -->
<testsuite skipped="0" hostname="DESKTOP-P32CKUU" name="demo.TestNGIgnoreDemo" tests="2" failures="0" timestamp="12 Jan 2021 02:39:38 GMT" time="0.018" errors="0">
  <testcase name="test1" time="0.016" classname="demo.TestNGIgnoreDemo"/>
  <testcase name="test2" time="0.002" classname="demo.TestNGIgnoreDemo"/>
</testsuite> <!-- demo.TestNGIgnoreDemo -->
