<?xml version="1.0" encoding="UTF-8"?>
<!-- Generated by org.testng.reporters.JUnitReportReporter -->
<testsuite skipped="0" hostname="DESKTOP-P32CKUU" name="test.ExtentReportsDemoWithTestNG" tests="2" failures="0" timestamp="27 Dec 2020 18:01:13 GMT" time="1.058" errors="0">
  <testcase name="test2" time="0.001" classname="test.ExtentReportsDemoWithTestNG"/>
  <testcase name="test1" time="1.057" classname="test.ExtentReportsDemoWithTestNG"/>
</testsuite> <!-- test.ExtentReportsDemoWithTestNG -->
