<?xml version="1.0" encoding="UTF-8"?>
<!-- Generated by org.testng.reporters.JUnitReportReporter -->
<testsuite skipped="0" hostname="DESKTOP-P32CKUU" name="demo.TestCase1" tests="1" failures="0" timestamp="14 Jan 2021 04:17:56 GMT" time="3.863" errors="0">
  <testcase name="testCase1" time="3.863" classname="demo.TestCase1"/>
</testsuite> <!-- demo.TestCase1 -->
