<?xml version="1.0" encoding="UTF-8"?>
<!-- Generated by org.testng.reporters.JUnitReportReporter -->
<testsuite skipped="0" hostname="DESKTOP-P32CKUU" name="utils.ExcelDataProvider" tests="3" failures="0" timestamp="8 Jan 2021 05:48:44 GMT" time="8.544" errors="0">
  <testcase name="test1" time="3.563" classname="utils.ExcelDataProvider"/>
  <testcase name="test1" time="2.424" classname="utils.ExcelDataProvider"/>
  <testcase name="test1" time="2.557" classname="utils.ExcelDataProvider"/>
</testsuite> <!-- utils.ExcelDataProvider -->
