<?xml version="1.0" encoding="UTF-8"?>
<!-- Generated by org.testng.reporters.JUnitReportReporter -->
<testsuite skipped="1" hostname="DESKTOP-P32CKUU" name="listeners.TestNGListenerDemo2" tests="3" failures="0" timestamp="9 Jan 2021 05:55:52 GMT" time="0.004" errors="0">
  <testcase name="test5" time="0.001" classname="listeners.TestNGListenerDemo2"/>
  <testcase name="test4" time="0.002" classname="listeners.TestNGListenerDemo2"/>
  <testcase name="test6" time="0.001" classname="listeners.TestNGListenerDemo2">
    <skipped/>
  </testcase> <!-- test6 -->
</testsuite> <!-- listeners.TestNGListenerDemo2 -->
