<?xml version="1.0" encoding="UTF-8"?>
<!-- Generated by org.testng.reporters.JUnitReportReporter -->
<testsuite skipped="0" hostname="DESKTOP-P32CKUU" name="demo.TestNGPriorityDemo" tests="3" failures="0" timestamp="12 Jan 2021 02:40:38 GMT" time="0.017" errors="0">
  <testcase name="three" time="0.014" classname="demo.TestNGPriorityDemo"/>
  <testcase name="two" time="0.001" classname="demo.TestNGPriorityDemo"/>
  <testcase name="one" time="0.002" classname="demo.TestNGPriorityDemo"/>
</testsuite> <!-- demo.TestNGPriorityDemo -->
