<?xml version="1.0" encoding="UTF-8"?>
<!-- Generated by org.testng.reporters.JUnitReportReporter -->
<testsuite skipped="0" hostname="DESKTOP-P32CKUU" name="test.TestNG_Demo2" tests="1" failures="0" timestamp="31 Dec 2020 05:21:55 GMT" time="2.614" errors="0">
  <testcase name="googleSearch3" time="2.614" classname="test.TestNG_Demo2"/>
</testsuite> <!-- test.TestNG_Demo2 -->
