<?xml version="1.0" encoding="UTF-8"?>
<!-- Generated by org.testng.reporters.JUnitReportReporter -->
<testsuite skipped="0" hostname="DESKTOP-P32CKUU" name="demo.TestNGParametersDemo" tests="1" failures="0" timestamp="12 Jan 2021 01:54:22 GMT" time="0.017" errors="0">
  <testcase name="test" time="0.017" classname="demo.TestNGParametersDemo"/>
</testsuite> <!-- demo.TestNGParametersDemo -->
