<?xml version="1.0" encoding="UTF-8"?>
<!-- Generated by org.testng.reporters.JUnitReportReporter -->
<testsuite skipped="0" hostname="DESKTOP-P32CKUU" name="demo.TestNGDependencyDemo" tests="3" failures="0" timestamp="12 Jan 2021 02:12:49 GMT" time="0.023" errors="0">
  <testcase name="test2" time="0.019" classname="demo.TestNGDependencyDemo"/>
  <testcase name="test3" time="0.002" classname="demo.TestNGDependencyDemo"/>
  <testcase name="test1" time="0.002" classname="demo.TestNGDependencyDemo"/>
</testsuite> <!-- demo.TestNGDependencyDemo -->
